==================================================== 
[2025/04/10 10:25:38.58] [INFO] アップデートとビズコラボ_日次処理 開始 
---------------------------------------------------- 
[2025/04/10 10:25:38.59] [INFO] 実行ディレクトリ: D:\rep05\Pythonエンベッダブル検証環境\アップデートとビズコラボ_進捗Report 
[2025/04/10 10:25:38.59] [INFO] 使用するPython: D:\rep05\Pythonエンベッダブル検証環境\Python実行環境\python.exe 
==================================================== 
Python 3.13.2
--------------------------------------- 
[STEP 01] 日時レポート計測値(famとマイム)取得と各ID進捗表に反映 
--------------------------------------- 
[DEBUG] 自動生成された table_config:
  101210: {'report_col': '101210', 'start_cell': 'I3', 'row_range': (128, 173)}
  101213: {'report_col': '101213', 'start_cell': 'P3', 'row_range': (128, 173)}
  104358: {'report_col': '104358', 'start_cell': 'W3', 'row_range': (128, 173)}
  104826: {'report_col': '104826', 'start_cell': 'AD3', 'row_range': (128, 173)}
[INFO] 処理中 → ID: 101210
[DEBUG] fam8取得 - K117 = '95938'
[DEBUG] mime取得 - L117 = '95065'
[DEBUG] 補填判定取得 - N117 = '0.91%'
[INFO] 処理中 → ID: 101213
[DEBUG] fam8取得 - AC117 = '88823'
[DEBUG] mime取得 - AD117 = '87272'
[DEBUG] 補填判定取得 - AF117 = '1.75%'
[INFO] 処理中 → ID: 104358
[DEBUG] fam8取得 - DI117 = '3882'
[DEBUG] mime取得 - DJ117 = '3829'
[DEBUG] 補填判定取得 - DL117 = '1.37%'
[INFO] 処理中 → ID: 104826
[DEBUG] fam8取得 - DO117 = '13833'
[DEBUG] mime取得 - DP117 = '13600'
[DEBUG] 補填判定取得 - DR117 = '1.68%'
● 通常処理：101210
　┗ fam8（K117）: 95938.0
　┗ mime（L117）: 95065.0
　┗ 書き込み先：進捗シート『2025年4月』 → fam8 → N138, mime → J138
　┗ 処理結果：OK
● 通常処理：101213
　┗ fam8（AC117）: 88823.0
　┗ mime（AD117）: 87272.0
　┗ 書き込み先：進捗シート『2025年4月』 → fam8 → U138, mime → Q138
　┗ 処理結果：OK
● 通常処理：104358
　┗ fam8（DI117）: 3882.0
　┗ mime（DJ117）: 3829.0
　┗ 書き込み先：進捗シート『2025年4月』 → fam8 → AB138, mime → X138
　┗ 処理結果：OK
● 通常処理：104826
　┗ fam8（DO117）: 13833.0
　┗ mime（DP117）: 13600.0
　┗ 書き込み先：進捗シート『2025年4月』 → fam8 → AI138, mime → AE138
　┗ 処理結果：OK
[INFO] 処理件数：4 件
[INFO] 全処理完了。
--------------------------------------- 
[STEP 02] アップデートとビズコラボ_fam8進捗Report取得(AX-AD) 
--------------------------------------- 
[INFO] WebDriver を起動します
[INFO] WebDriver の起動完了
[INFO] ログイン処理を開始します
[INFO] ログイン完了
[INFO] レポートメニューをクリック
[INFO] 表示モード切り替えをクリック
[INFO] キーワード『AX-AD』を入力
[INFO] 表示項目設定をクリック
[INFO] 表示項目チェックを開始
[INFO] [CHECKED] メディアオーナーID → チェックON
[INFO] [CHECKED] メディアオーナー名 → チェックON
[INFO] [CHECKED] メディアID → チェックON
[INFO] [CHECKED] CPC(グロス) → チェックON
[INFO] [CHECKED] CPA(グロス) → チェックON
[INFO] [CHECKED] eCPM(グロス) → チェックON
[INFO] [CHECKED] メディア名 → チェックON
[INFO] [CHECKED] 特別保証期間(From) → チェックON
[INFO] 検索ボタンをクリック
[INFO] 検索結果を待機中（5秒）
[INFO] CSVダウンロードボタンをクリック
[SUCCESS] CSVダウンロードを実行しました
[INFO] CSVファイルを AX-ADレポート_20250409.csv にリネーム完了
[INFO] スクリプト正常終了
--------------------------------------- 
[STEP 03] CSVを集計用シート（AX-AD）へアップロード 
--------------------------------------- 
[INFO] アップロード処理を開始
[CHECK] CSV パス: アップデート×ビズコラボ日次CSV\20250409\AX-ADレポート_20250409.csv
[CHECK] 存在: True
[DEBUG] 読込CSV: アップデート×ビズコラボ日次CSV\20250409\AX-ADレポート_20250409.csv
[INFO] アップロード完了 → A2:Y71
[INFO] 全処理完了
--------------------------------------- 
[STEP 04] 今月シートのAX-AD表に関数挿入と値のみ変換 
--------------------------------------- 
[INFO] 処理対象シート：2025年4月
[INFO] 処理対象行：今日=97 / 昨日=96

[INFO] 処理対象行
(今日)2025/04/10→97行目に関数挿入
(昨日)2025/04/09→96行目に値のみ変換

[警告] AY86 は空
[警告] BF86 は空
[警告] BM86 は空
[警告] BT86 は空
[INFO] 取得後のIDセルの値（数値変換済）: [99889.0, 101563.0, 102920.0, 105377.0, 105376.0, 105375.0, 0, 0, 0, 0]
[INFO] 数式に使用する ID（整数化済）: 99889
[INFO] 数式挿入の範囲: 行 97, 列 9 - 13
[INFO] 挿入した関数: ["=IFERROR(VLOOKUP(99889, '集計用シート（AX-AD）'!$C:$L, 10, FALSE), 0)", '=IF(OR(J97=0, K85=""), 0, J97/1000*K85)', "=IFERROR(VLOOKUP(99889, '集計用シート（AX-AD）'!$C:$R, 16, FALSE), 0)", '=IF(K97=0, 0, K97-L97)']
[INFO] 数式に使用する ID（整数化済）: 101563
[INFO] 数式挿入の範囲: 行 97, 列 16 - 20
[INFO] 挿入した関数: ["=IFERROR(VLOOKUP(101563, '集計用シート（AX-AD）'!$C:$L, 10, FALSE), 0)", '=IF(OR(Q97=0, R85=""), 0, Q97/1000*R85)', "=IFERROR(VLOOKUP(101563, '集計用シート（AX-AD）'!$C:$R, 16, FALSE), 0)", '=IF(R97=0, 0, R97-S97)']
[INFO] 数式に使用する ID（整数化済）: 102920
[INFO] 数式挿入の範囲: 行 97, 列 23 - 27
[INFO] 挿入した関数: ["=IFERROR(VLOOKUP(102920, '集計用シート（AX-AD）'!$C:$L, 10, FALSE), 0)", '=IF(OR(X97=0, Y85=""), 0, X97/1000*Y85)', "=IFERROR(VLOOKUP(102920, '集計用シート（AX-AD）'!$C:$R, 16, FALSE), 0)", '=IF(Y97=0, 0, Y97-Z97)']
[INFO] 数式に使用する ID（整数化済）: 105377
[INFO] 数式挿入の範囲: 行 97, 列 30 - 34
[INFO] 挿入した関数: ["=IFERROR(VLOOKUP(105377, '集計用シート（AX-AD）'!$C:$L, 10, FALSE), 0)", '=IF(OR(AE97=0, AF85=""), 0, AE97/1000*AF85)', "=IFERROR(VLOOKUP(105377, '集計用シート（AX-AD）'!$C:$R, 16, FALSE), 0)", '=IF(AF97=0, 0, AF97-AG97)']
[INFO] 数式に使用する ID（整数化済）: 105376
[INFO] 数式挿入の範囲: 行 97, 列 37 - 41
[INFO] 挿入した関数: ["=IFERROR(VLOOKUP(105376, '集計用シート（AX-AD）'!$C:$L, 10, FALSE), 0)", '=IF(OR(AL97=0, AM85=""), 0, AL97/1000*AM85)', "=IFERROR(VLOOKUP(105376, '集計用シート（AX-AD）'!$C:$R, 16, FALSE), 0)", '=IF(AM97=0, 0, AM97-AN97)']
[INFO] 数式に使用する ID（整数化済）: 105375
[INFO] 数式挿入の範囲: 行 97, 列 44 - 48
[INFO] 挿入した関数: ["=IFERROR(VLOOKUP(105375, '集計用シート（AX-AD）'!$C:$L, 10, FALSE), 0)", '=IF(OR(AS97=0, AT85=""), 0, AS97/1000*AT85)', "=IFERROR(VLOOKUP(105375, '集計用シート（AX-AD）'!$C:$R, 16, FALSE), 0)", '=IF(AT97=0, 0, AT97-AU97)']
[INFO] 数式に使用する ID（整数化済）: 0
[INFO] 数式挿入の範囲: 行 97, 列 51 - 55
[INFO] 挿入した関数: ["=IFERROR(VLOOKUP(0, '集計用シート（AX-AD）'!$C:$L, 10, FALSE), 0)", '=IF(OR(AZ97=0, BA85=""), 0, AZ97/1000*BA85)', "=IFERROR(VLOOKUP(0, '集計用シート（AX-AD）'!$C:$R, 16, FALSE), 0)", '=IF(BA97=0, 0, BA97-BB97)']
[INFO] 数式に使用する ID（整数化済）: 0
[INFO] 数式挿入の範囲: 行 97, 列 58 - 62
[INFO] 挿入した関数: ["=IFERROR(VLOOKUP(0, '集計用シート（AX-AD）'!$C:$L, 10, FALSE), 0)", '=IF(OR(BG97=0, BH85=""), 0, BG97/1000*BH85)', "=IFERROR(VLOOKUP(0, '集計用シート（AX-AD）'!$C:$R, 16, FALSE), 0)", '=IF(BH97=0, 0, BH97-BI97)']
[INFO] 数式に使用する ID（整数化済）: 0
[INFO] 数式挿入の範囲: 行 97, 列 65 - 69
[INFO] 挿入した関数: ["=IFERROR(VLOOKUP(0, '集計用シート（AX-AD）'!$C:$L, 10, FALSE), 0)", '=IF(OR(BN97=0, BO85=""), 0, BN97/1000*BO85)', "=IFERROR(VLOOKUP(0, '集計用シート（AX-AD）'!$C:$R, 16, FALSE), 0)", '=IF(BO97=0, 0, BO97-BP97)']
[INFO] 数式に使用する ID（整数化済）: 0
[INFO] 数式挿入の範囲: 行 97, 列 72 - 76
[INFO] 挿入した関数: ["=IFERROR(VLOOKUP(0, '集計用シート（AX-AD）'!$C:$L, 10, FALSE), 0)", '=IF(OR(BU97=0, BV85=""), 0, BU97/1000*BV85)', "=IFERROR(VLOOKUP(0, '集計用シート（AX-AD）'!$C:$R, 16, FALSE), 0)", '=IF(BV97=0, 0, BV97-BW97)']
[INFO] 関数挿入 batchUpdate 成功：10 リクエスト実行済
[INFO] 評価結果を取得 → 範囲: J97:M97 / 値: ['0', '0', '0', '0']
[INFO] 評価結果を取得 → 範囲: Q97:T97 / 値: ['0', '0', '0', '0']
[INFO] 評価結果を取得 → 範囲: X97:AA97 / 値: ['0', '0', '0', '0']
[INFO] 評価結果を取得 → 範囲: AE97:AH97 / 値: ['80097', '624.7566', '440.5335', '184.2231']
[INFO] 評価結果を取得 → 範囲: AL97:AO97 / 値: ['64287', '289.2915', '192.861', '96.4305']
[INFO] 評価結果を取得 → 範囲: AS97:AV97 / 値: ['0', '0', '0', '0']
[INFO] 評価結果を取得 → 範囲: AZ97:BC97 / 値: ['0', '0', '0', '0']
[INFO] 評価結果を取得 → 範囲: BG97:BJ97 / 値: ['0', '0', '0', '0']
[INFO] 評価結果を取得 → 範囲: BN97:BQ97 / 値: ['0', '0', '0', '0']
[INFO] 評価結果を取得 → 範囲: BU97:BX97 / 値: ['0', '0', '0', '0']
[INFO] 値のみ貼付一括完了: 10リクエスト
[INFO] 値のみ貼付一括実行成功: 10 リクエスト
[INFO] 右寄せ一括整形成功: 10 リクエスト
[正常終了] 対象の広告枠IDの表に対して関数の挿入と前日行への値のみ貼付が完了しました
[確認用] 関数を挿入した行（本日）: 97 行目 / 値を貼り付けた行（前日）: 96 行目
==================================================== 
[2025/04/10 10:26:47.30] [INFO] 全処理完了 
==================================================== 
==================================================== 
[2025/04/10 12:08:36.96] [INFO] アップデートとビズコラボ_日次処理 開始 
---------------------------------------------------- 
[2025/04/10 12:08:36.96] [INFO] 実行ディレクトリ: D:\rep05\Pythonエンベッダブル検証環境\アップデートとビズコラボ_進捗Report 
[2025/04/10 12:08:36.96] [INFO] 使用するPython: D:\rep05\Pythonエンベッダブル検証環境\Python実行環境\python.exe 
==================================================== 
Python 3.13.2
--------------------------------------- 
[STEP 01] 日時レポート計測値(famとマイム)取得と各ID進捗表に反映 
--------------------------------------- 
[DEBUG] 自動生成された table_config:
  101210: {'report_col': '101210', 'start_cell': 'I3', 'row_range': (128, 173)}
  101213: {'report_col': '101213', 'start_cell': 'P3', 'row_range': (128, 173)}
  104358: {'report_col': '104358', 'start_cell': 'W3', 'row_range': (128, 173)}
  104826: {'report_col': '104826', 'start_cell': 'AD3', 'row_range': (128, 173)}
[INFO] 処理中 → ID: 101210
[DEBUG] fam8取得 - K117 = '95938'
[DEBUG] mime取得 - L117 = '95065'
[DEBUG] 補填判定取得 - N117 = '0.91%'
[INFO] 処理中 → ID: 101213
[DEBUG] fam8取得 - AC117 = '88823'
[DEBUG] mime取得 - AD117 = '87272'
[DEBUG] 補填判定取得 - AF117 = '1.75%'
[INFO] 処理中 → ID: 104358
[DEBUG] fam8取得 - DI117 = '3882'
[DEBUG] mime取得 - DJ117 = '3829'
[DEBUG] 補填判定取得 - DL117 = '1.37%'
[INFO] 処理中 → ID: 104826
[DEBUG] fam8取得 - DO117 = '13833'
[DEBUG] mime取得 - DP117 = '13600'
[DEBUG] 補填判定取得 - DR117 = '1.68%'
● 通常処理：101210
　┗ fam8（K117）: 95938.0
　┗ mime（L117）: 95065.0
　┗ 書き込み先：進捗シート『2025年4月』 → fam8 → N139, mime → J139
　┗ 処理結果：OK
● 通常処理：101213
　┗ fam8（AC117）: 88823.0
　┗ mime（AD117）: 87272.0
　┗ 書き込み先：進捗シート『2025年4月』 → fam8 → U138, mime → Q138
　┗ 処理結果：OK
● 通常処理：104358
　┗ fam8（DI117）: 3882.0
　┗ mime（DJ117）: 3829.0
　┗ 書き込み先：進捗シート『2025年4月』 → fam8 → AB139, mime → X139
　┗ 処理結果：OK
● 通常処理：104826
　┗ fam8（DO117）: 13833.0
　┗ mime（DP117）: 13600.0
　┗ 書き込み先：進捗シート『2025年4月』 → fam8 → AI139, mime → AE139
　┗ 処理結果：OK
[INFO] 処理件数：4 件
[INFO] 全処理完了。
--------------------------------------- 
[STEP 02] アップデートとビズコラボ_fam8進捗Report取得(AX-AD) 
--------------------------------------- 
^C==================================================== 
[2025/04/10 12:59:23.96] [INFO] アップデートとビズコラボ_日次処理 開始 
---------------------------------------------------- 
[2025/04/10 12:59:23.96] [INFO] 実行ディレクトリ: D:\rep05\Pythonエンベッダブル検証環境\アップデートとビズコラボ_進捗Report 
[2025/04/10 12:59:23.96] [INFO] 使用するPython: D:\rep05\Pythonエンベッダブル検証環境\Python実行環境\python.exe 
==================================================== 
Python 3.13.2
--------------------------------------- 
[STEP 01] 日時レポート計測値(famとマイム)取得と各ID進捗表に反映 
--------------------------------------- 
[DEBUG] 自動生成された table_config:
  101210: {'report_col': '101210', 'start_cell': 'I3', 'row_range': (128, 173)}
  101213: {'report_col': '101213', 'start_cell': 'P3', 'row_range': (128, 173)}
  104358: {'report_col': '104358', 'start_cell': 'W3', 'row_range': (128, 173)}
  104826: {'report_col': '104826', 'start_cell': 'AD3', 'row_range': (128, 173)}
[INFO] 処理中 → ID: 101210
[DEBUG] fam8取得 - K117 = '95938'
[DEBUG] mime取得 - L117 = '95065'
[DEBUG] 補填判定取得 - N117 = '0.91%'
[INFO] 処理中 → ID: 101213
[DEBUG] fam8取得 - AC117 = '88823'
[DEBUG] mime取得 - AD117 = '87272'
[DEBUG] 補填判定取得 - AF117 = '1.75%'
[INFO] 処理中 → ID: 104358
[DEBUG] fam8取得 - DI117 = '3882'
[DEBUG] mime取得 - DJ117 = '3829'
[DEBUG] 補填判定取得 - DL117 = '1.37%'
[INFO] 処理中 → ID: 104826
[DEBUG] fam8取得 - DO117 = '13833'
[DEBUG] mime取得 - DP117 = '13600'
[DEBUG] 補填判定取得 - DR117 = '1.68%'
● 通常処理：101210
　┗ fam8（K117）: 95938.0
　┗ mime（L117）: 95065.0
　┗ 書き込み先：進捗シート『2025年4月』 → fam8 → N139, mime → J139
　┗ 処理結果：OK
● 通常処理：101213
　┗ fam8（AC117）: 88823.0
　┗ mime（AD117）: 87272.0
　┗ 書き込み先：進捗シート『2025年4月』 → fam8 → U138, mime → Q138
　┗ 処理結果：OK
● 通常処理：104358
　┗ fam8（DI117）: 3882.0
　┗ mime（DJ117）: 3829.0
　┗ 書き込み先：進捗シート『2025年4月』 → fam8 → AB138, mime → X138
　┗ 処理結果：OK
● 通常処理：104826
　┗ fam8（DO117）: 13833.0
　┗ mime（DP117）: 13600.0
　┗ 書き込み先：進捗シート『2025年4月』 → fam8 → AI138, mime → AE138
　┗ 処理結果：OK
[INFO] 処理件数：4 件
[INFO] 全処理完了。
--------------------------------------- 
[STEP 02] アップデートとビズコラボ_fam8進捗Report取得(AX-AD) 
--------------------------------------- 
^C